Fri Dec  2 02:04:59 2016 [13559][-none-][FATAL] Could not connect to DB server localhost as root. port : Access denied for user 'root'@'localhost' (using password: YES)
Fri Dec  2 02:04:59 2016 [13559][-none-][FATAL] Could Not Connect: Database Is Not Connected
Fri Dec  2 02:04:59 2016 [13559][-none-][FATAL]  Query Failed: SELECT SCHEMA_NAME FROM INFORMATION_SCHEMA.SCHEMATA WHERE SCHEMA_NAME = '' LIMIT 0,1: Database Is Not Connected
Fri Dec  2 02:04:59 2016 [13559][-none-][FATAL]  Get One Failed:SELECT SCHEMA_NAME FROM INFORMATION_SCHEMA.SCHEMATA WHERE SCHEMA_NAME = '': Database Is Not Connected
Fri Dec  2 02:04:59 2016 [13559][-none-][FATAL]  Query Failed: SELECT version() version LIMIT 0,1: Database Is Not Connected
Fri Dec  2 02:04:59 2016 [13559][-none-][FATAL]  Get One Failed:SELECT version() version: Database Is Not Connected
Fri Dec  2 02:04:59 2016 [13559][-none-][FATAL] Unable to get server status: Elastica\Exception\Connection\HttpException
Fri Dec  2 02:09:33 2016 [19305][1][FATAL] Unable to create index: Elastica\Exception\Connection\HttpException
Fri Dec  2 02:09:33 2016 [19305][1][FATAL] Full Text Search has been disabled because the system is not able to connect to the search engine.
Fri Dec  2 02:09:33 2016 [19305][1][FATAL] Unable to get server status: Elastica\Exception\ClientException
Fri Dec  2 02:09:33 2016 [19305][1][FATAL] FTS Server is down, postponing the job for full index.
Fri Dec  2 02:09:33 2016 [19305][1][FATAL] Unable to get server status: Elastica\Exception\ClientException
Fri Dec  2 02:09:33 2016 [19305][1][FATAL] FTS Server is down, postponing the job for full index.
Fri Dec  2 02:09:33 2016 [19305][1][FATAL] Unable to get server status: Elastica\Exception\ClientException
Fri Dec  2 02:09:33 2016 [19305][1][FATAL] FTS Server is down, postponing the job for full index.
Fri Dec  2 02:09:33 2016 [19305][1][FATAL] Unable to get server status: Elastica\Exception\ClientException
Fri Dec  2 02:09:33 2016 [19305][1][FATAL] FTS Server is down, postponing the job for full index.
Fri Dec  2 02:09:33 2016 [19305][1][FATAL] Unable to get server status: Elastica\Exception\ClientException
Fri Dec  2 02:09:33 2016 [19305][1][FATAL] FTS Server is down, postponing the job for full index.
Fri Dec  2 02:09:33 2016 [19305][1][FATAL] Unable to get server status: Elastica\Exception\ClientException
Fri Dec  2 02:09:33 2016 [19305][1][FATAL] FTS Server is down, postponing the job for full index.
Fri Dec  2 02:09:33 2016 [19305][1][FATAL] Unable to get server status: Elastica\Exception\ClientException
Fri Dec  2 02:09:33 2016 [19305][1][FATAL] FTS Server is down, postponing the job for full index.
Fri Dec  2 02:09:33 2016 [19305][1][FATAL] Unable to get server status: Elastica\Exception\ClientException
Fri Dec  2 02:09:33 2016 [19305][1][FATAL] FTS Server is down, postponing the job for full index.
Fri Dec  2 02:09:33 2016 [19305][1][FATAL] Unable to get server status: Elastica\Exception\ClientException
Fri Dec  2 02:09:33 2016 [19305][1][FATAL] FTS Server is down, postponing the job for full index.
Fri Dec  2 02:09:33 2016 [19305][1][FATAL] Unable to get server status: Elastica\Exception\ClientException
Fri Dec  2 02:09:33 2016 [19305][1][FATAL] FTS Server is down, postponing the job for full index.
Fri Dec  2 02:09:33 2016 [19305][1][FATAL] Unable to get server status: Elastica\Exception\ClientException
Fri Dec  2 02:09:33 2016 [19305][1][FATAL] FTS Server is down, postponing the job for full index.
Fri Dec  2 02:09:34 2016 [19305][1][FATAL] Unable to get server status: Elastica\Exception\ClientException
Fri Dec  2 02:09:34 2016 [19305][1][FATAL] FTS Server is down, postponing the job for full index.
Fri Dec  2 02:09:34 2016 [19305][1][FATAL] Unable to get server status: Elastica\Exception\ClientException
Fri Dec  2 02:09:34 2016 [19305][1][FATAL] FTS Server is down, postponing the job for full index.
Fri Dec  2 02:09:46 2016 [19305][-none-][FATAL] Configuration variable date.timezone is not set, guessed timezone America/Los_Angeles. Please set date.timezone="America/Los_Angeles" in php.ini!
Fri Dec  2 02:09:54 2016 [19307][-none-][FATAL] Configuration variable date.timezone is not set, guessed timezone America/Los_Angeles. Please set date.timezone="America/Los_Angeles" in php.ini!
Fri Dec  2 02:09:55 2016 [19304][-none-][FATAL] Configuration variable date.timezone is not set, guessed timezone America/Los_Angeles. Please set date.timezone="America/Los_Angeles" in php.ini!
Fri Dec  2 02:09:56 2016 [19304][-none-][FATAL] Configuration variable date.timezone is not set, guessed timezone America/Los_Angeles. Please set date.timezone="America/Los_Angeles" in php.ini!
Fri Dec  2 02:09:56 2016 [19307][-none-][FATAL] Configuration variable date.timezone is not set, guessed timezone America/Los_Angeles. Please set date.timezone="America/Los_Angeles" in php.ini!
Fri Dec  2 02:09:56 2016 [19304][-none-][FATAL] Configuration variable date.timezone is not set, guessed timezone America/Los_Angeles. Please set date.timezone="America/Los_Angeles" in php.ini!
Fri Dec  2 02:09:58 2016 [19307][-none-][FATAL] Configuration variable date.timezone is not set, guessed timezone America/Los_Angeles. Please set date.timezone="America/Los_Angeles" in php.ini!
Fri Dec  2 02:10:01 2016 [19307][-none-][FATAL] Configuration variable date.timezone is not set, guessed timezone America/Los_Angeles. Please set date.timezone="America/Los_Angeles" in php.ini!
Fri Dec  2 02:10:01 2016 [19324][-none-][FATAL] Configuration variable date.timezone is not set, guessed timezone America/Los_Angeles. Please set date.timezone="America/Los_Angeles" in php.ini!
Fri Dec  2 02:10:02 2016 [19325][-none-][FATAL] Configuration variable date.timezone is not set, guessed timezone America/Los_Angeles. Please set date.timezone="America/Los_Angeles" in php.ini!
Fri Dec  2 02:10:02 2016 [19307][-none-][FATAL] Configuration variable date.timezone is not set, guessed timezone America/Los_Angeles. Please set date.timezone="America/Los_Angeles" in php.ini!
Fri Dec  2 02:10:03 2016 [19325][-none-][FATAL] Configuration variable date.timezone is not set, guessed timezone America/Los_Angeles. Please set date.timezone="America/Los_Angeles" in php.ini!
Fri Dec  2 02:10:03 2016 [19325][-none-][FATAL] Configuration variable date.timezone is not set, guessed timezone America/Los_Angeles. Please set date.timezone="America/Los_Angeles" in php.ini!
Fri Dec  2 02:10:03 2016 [19307][-none-][FATAL] Configuration variable date.timezone is not set, guessed timezone America/Los_Angeles. Please set date.timezone="America/Los_Angeles" in php.ini!
Fri Dec  2 02:10:03 2016 [19324][-none-][FATAL] Configuration variable date.timezone is not set, guessed timezone America/Los_Angeles. Please set date.timezone="America/Los_Angeles" in php.ini!
Fri Dec  2 02:12:57 2016 [19328][-none-][FATAL] Configuration variable date.timezone is not set, guessed timezone America/Los_Angeles. Please set date.timezone="America/Los_Angeles" in php.ini!
Fri Dec  2 02:12:57 2016 [19328][-none-][FATAL] Configuration variable date.timezone is not set, guessed timezone America/Los_Angeles. Please set date.timezone="America/Los_Angeles" in php.ini!
Fri Dec  2 02:13:35 2016 [19329][-none-][FATAL] Configuration variable date.timezone is not set, guessed timezone America/Los_Angeles. Please set date.timezone="America/Los_Angeles" in php.ini!
Fri Dec  2 02:15:03 2016 [19304][-none-][FATAL] Configuration variable date.timezone is not set, guessed timezone America/Los_Angeles. Please set date.timezone="America/Los_Angeles" in php.ini!
Fri Dec  2 02:15:03 2016 [19308][-none-][FATAL] Configuration variable date.timezone is not set, guessed timezone America/Los_Angeles. Please set date.timezone="America/Los_Angeles" in php.ini!
Fri Dec  2 02:15:03 2016 [19313][-none-][FATAL] Configuration variable date.timezone is not set, guessed timezone America/Los_Angeles. Please set date.timezone="America/Los_Angeles" in php.ini!
Fri Dec  2 02:15:36 2016 [19305][-none-][FATAL] Configuration variable date.timezone is not set, guessed timezone America/Los_Angeles. Please set date.timezone="America/Los_Angeles" in php.ini!
Fri Dec  2 02:15:37 2016 [19306][-none-][FATAL] Configuration variable date.timezone is not set, guessed timezone America/Los_Angeles. Please set date.timezone="America/Los_Angeles" in php.ini!
Fri Dec  2 02:15:38 2016 [19306][-none-][FATAL] Configuration variable date.timezone is not set, guessed timezone America/Los_Angeles. Please set date.timezone="America/Los_Angeles" in php.ini!
Fri Dec  2 02:15:38 2016 [19307][-none-][FATAL] Configuration variable date.timezone is not set, guessed timezone America/Los_Angeles. Please set date.timezone="America/Los_Angeles" in php.ini!
Fri Dec  2 02:15:39 2016 [19307][-none-][FATAL] Configuration variable date.timezone is not set, guessed timezone America/Los_Angeles. Please set date.timezone="America/Los_Angeles" in php.ini!
Fri Dec  2 02:15:40 2016 [19307][-none-][FATAL] Configuration variable date.timezone is not set, guessed timezone America/Los_Angeles. Please set date.timezone="America/Los_Angeles" in php.ini!
Fri Dec  2 02:15:40 2016 [19307][-none-][FATAL] Configuration variable date.timezone is not set, guessed timezone America/Los_Angeles. Please set date.timezone="America/Los_Angeles" in php.ini!
Fri Dec  2 02:15:40 2016 [19325][-none-][FATAL] Configuration variable date.timezone is not set, guessed timezone America/Los_Angeles. Please set date.timezone="America/Los_Angeles" in php.ini!
Fri Dec  2 02:15:40 2016 [19306][-none-][FATAL] Configuration variable date.timezone is not set, guessed timezone America/Los_Angeles. Please set date.timezone="America/Los_Angeles" in php.ini!
Fri Dec  2 02:15:41 2016 [19306][-none-][FATAL] Configuration variable date.timezone is not set, guessed timezone America/Los_Angeles. Please set date.timezone="America/Los_Angeles" in php.ini!
Fri Dec  2 02:15:41 2016 [19325][-none-][FATAL] Configuration variable date.timezone is not set, guessed timezone America/Los_Angeles. Please set date.timezone="America/Los_Angeles" in php.ini!
Fri Dec  2 02:15:41 2016 [19325][-none-][FATAL] Configuration variable date.timezone is not set, guessed timezone America/Los_Angeles. Please set date.timezone="America/Los_Angeles" in php.ini!
Fri Dec  2 02:15:41 2016 [19325][-none-][FATAL] Configuration variable date.timezone is not set, guessed timezone America/Los_Angeles. Please set date.timezone="America/Los_Angeles" in php.ini!
Fri Dec  2 02:15:42 2016 [19325][-none-][FATAL] Configuration variable date.timezone is not set, guessed timezone America/Los_Angeles. Please set date.timezone="America/Los_Angeles" in php.ini!
Fri Dec  2 02:15:42 2016 [19306][-none-][FATAL] Configuration variable date.timezone is not set, guessed timezone America/Los_Angeles. Please set date.timezone="America/Los_Angeles" in php.ini!
Fri Dec  2 02:15:42 2016 [19307][-none-][FATAL] Configuration variable date.timezone is not set, guessed timezone America/Los_Angeles. Please set date.timezone="America/Los_Angeles" in php.ini!
Fri Dec  2 02:15:42 2016 [19307][-none-][FATAL] Configuration variable date.timezone is not set, guessed timezone America/Los_Angeles. Please set date.timezone="America/Los_Angeles" in php.ini!
Fri Dec  2 02:15:42 2016 [19307][-none-][FATAL] Configuration variable date.timezone is not set, guessed timezone America/Los_Angeles. Please set date.timezone="America/Los_Angeles" in php.ini!
Fri Dec  2 02:15:42 2016 [19306][-none-][FATAL] Configuration variable date.timezone is not set, guessed timezone America/Los_Angeles. Please set date.timezone="America/Los_Angeles" in php.ini!
Fri Dec  2 02:15:49 2016 [19325][-none-][FATAL] Configuration variable date.timezone is not set, guessed timezone America/Los_Angeles. Please set date.timezone="America/Los_Angeles" in php.ini!
